<?xml version="1.0" encoding="UTF-8"?>
<!-- Generated by org.testng.reporters.JUnitXMLReporter -->
<testsuite ignored="0" hostname="DESKTOP-1MMJMPG" failures="0" tests="4" name="Test" time="77.404" errors="0" timestamp="2024-11-13T20:22:20 IST">
  <testcase classname="test.Testcase1" name="LogintoAmazon" time="7.0"/>
  <testcase classname="test.Testcase2" name="searching" time="13.462"/>
  <testcase classname="test.Testcase3" name="wishlist" time="18.771"/>
  <testcase classname="test.Testcase4" name="addCart" time="22.528"/>
</testsuite> <!-- Test -->
