<?xml version="1.0" encoding="UTF-8"?>
<!-- Generated by org.testng.reporters.JUnitXMLReporter -->
<testsuite ignored="0" hostname="DESKTOP-1MMJMPG" failures="1" tests="1" name="Test" time="15.381" errors="0" timestamp="2024-11-12T22:26:27 IST">
  <testcase classname="test.Testcase1" name="LogintoAmazon" time="15.315">
    <failure type="java.lang.NullPointerException" message="Cannot invoke &amp;quot;org.openqa.selenium.WebDriver.findElement(org.openqa.selenium.By)&amp;quot; because &amp;quot;this.driver&amp;quot; is null">
      <![CDATA[java.lang.NullPointerException: Cannot invoke "org.openqa.selenium.WebDriver.findElement(org.openqa.selenium.By)" because "this.driver" is null
at source.Loginpage.signinclick(Loginpage.java:49)
at test.Testcase1.LogintoAmazon(Testcase1.java:31)
at java.base/java.util.ArrayList.forEach(ArrayList.java:1511)
... Removed 31 stack frames]]>
    </failure>
  </testcase> <!-- LogintoAmazon -->
</testsuite> <!-- Test -->
