<?xml version="1.0" encoding="UTF-8"?>
<testng-results ignored="0" total="4" passed="4" failed="0" skipped="0">
  <reporter-output>
  </reporter-output>
  <suite started-at="2024-11-13T20:21:02 IST" name="Suite" finished-at="2024-11-13T20:22:20 IST" duration-ms="77404">
    <groups>
    </groups>
    <test started-at="2024-11-13T20:21:02 IST" name="Test" finished-at="2024-11-13T20:22:20 IST" duration-ms="77404">
      <class name="test.Testcase2">
        <test-method is-config="true" signature="launch()[pri:0, instance:test.Testcase2@2ddc9a9f]" started-at="2024-11-13T20:21:13 IST" name="launch" finished-at="2024-11-13T20:21:17 IST" duration-ms="3478" status="PASS">
          <reporter-output>
          </reporter-output>
        </test-method> <!-- launch -->
        <test-method signature="searching()[pri:0, instance:test.Testcase2@2ddc9a9f]" started-at="2024-11-13T20:21:17 IST" name="searching" finished-at="2024-11-13T20:21:30 IST" duration-ms="13462" status="PASS">
          <reporter-output>
          </reporter-output>
        </test-method> <!-- searching -->
        <test-method is-config="true" signature="quit()[pri:0, instance:test.Testcase2@2ddc9a9f]" started-at="2024-11-13T20:21:30 IST" name="quit" finished-at="2024-11-13T20:21:31 IST" duration-ms="246" status="PASS">
          <reporter-output>
          </reporter-output>
        </test-method> <!-- quit -->
      </class> <!-- test.Testcase2 -->
      <class name="test.Testcase3">
        <test-method is-config="true" signature="launch()[pri:0, instance:test.Testcase3@298a5e20]" started-at="2024-11-13T20:21:31 IST" name="launch" finished-at="2024-11-13T20:21:35 IST" duration-ms="4043" status="PASS">
          <reporter-output>
          </reporter-output>
        </test-method> <!-- launch -->
        <test-method signature="wishlist()[pri:0, instance:test.Testcase3@298a5e20]" started-at="2024-11-13T20:21:35 IST" name="wishlist" finished-at="2024-11-13T20:21:53 IST" duration-ms="18771" status="PASS">
          <reporter-output>
          </reporter-output>
        </test-method> <!-- wishlist -->
        <test-method is-config="true" signature="quit()[pri:0, instance:test.Testcase3@298a5e20]" started-at="2024-11-13T20:21:53 IST" name="quit" finished-at="2024-11-13T20:21:54 IST" duration-ms="172" status="PASS">
          <reporter-output>
          </reporter-output>
        </test-method> <!-- quit -->
      </class> <!-- test.Testcase3 -->
      <class name="test.Testcase4">
        <test-method is-config="true" signature="launch()[pri:0, instance:test.Testcase4@2a7f1f10]" started-at="2024-11-13T20:21:54 IST" name="launch" finished-at="2024-11-13T20:21:57 IST" duration-ms="3421" status="PASS">
          <reporter-output>
          </reporter-output>
        </test-method> <!-- launch -->
        <test-method signature="addCart()[pri:0, instance:test.Testcase4@2a7f1f10]" started-at="2024-11-13T20:21:57 IST" name="addCart" finished-at="2024-11-13T20:22:20 IST" duration-ms="22528" status="PASS">
          <reporter-output>
          </reporter-output>
        </test-method> <!-- addCart -->
        <test-method is-config="true" signature="quit()[pri:0, instance:test.Testcase4@2a7f1f10]" started-at="2024-11-13T20:22:20 IST" name="quit" finished-at="2024-11-13T20:22:20 IST" duration-ms="96" status="PASS">
          <reporter-output>
          </reporter-output>
        </test-method> <!-- quit -->
      </class> <!-- test.Testcase4 -->
      <class name="test.Testcase1">
        <test-method is-config="true" signature="launch()[pri:0, instance:test.Testcase1@2d52216b]" started-at="2024-11-13T20:21:02 IST" name="launch" finished-at="2024-11-13T20:21:06 IST" duration-ms="3920" status="PASS">
          <reporter-output>
          </reporter-output>
        </test-method> <!-- launch -->
        <test-method signature="LogintoAmazon()[pri:0, instance:test.Testcase1@2d52216b]" started-at="2024-11-13T20:21:06 IST" name="LogintoAmazon" finished-at="2024-11-13T20:21:13 IST" duration-ms="7000" status="PASS">
          <reporter-output>
          </reporter-output>
        </test-method> <!-- LogintoAmazon -->
        <test-method is-config="true" signature="quit()[pri:0, instance:test.Testcase1@2d52216b]" started-at="2024-11-13T20:21:13 IST" name="quit" finished-at="2024-11-13T20:21:13 IST" duration-ms="173" status="PASS">
          <reporter-output>
          </reporter-output>
        </test-method> <!-- quit -->
      </class> <!-- test.Testcase1 -->
    </test> <!-- Test -->
  </suite> <!-- Suite -->
</testng-results>
